1
                 Chemistry at HARvard Macromolecular Mechanics
                   (CHARMM) - Developmental Version 35a1     August 15, 2007   
       Copyright(c) 1984-2001  President and Fellows of Harvard College
                              All Rights Reserved
      Current operating system: Darwin-9.8.0(i386)@benoit-rouxs-macbook-pro.
                 Created on  3/16/10 at 12: 9:49 by user: roux        

            Maximum number of ATOMS:      6120, and RESidues:        4000
            Current HEAP size:         1024000, and STACK size:    100000

 RDTITL> * DYNAMICS WITH R1
 RDTITL> *
  
 CHARMM>     
  
 CHARMM>    !read topology
 CHARMM>    read rtf card name ~/progs/charmm/c35a1/toppar/top_all27_prot_lipid.rtf
 VOPEN> Attempting to open::/Users/roux/PROGS/CHARMM/C35A1/TOPPAR/TOP_ALL27_PROT_LIPID.RTF::
 MAINIO> Residue topology file being read from unit  90.
 TITLE> *> CHARMM22 ALL-HYDROGEN TOPOLOGY FILE FOR PROTEINS AND LIPIDS <<
 TITLE> *>>>>>> INCLUDES PHI, PSI CROSS TERM MAP (CMAP) CORRECTION <<<<<<
 TITLE> *>>>>>>>>>>>>>>>>>>>>>>   JULY 2004    <<<<<<<<<<<<<<<<<<<<<<<<<<
 TITLE> * ALL COMMENTS TO ADM JR. VIA THE CHARMM WEB SITE: WWW.CHARMM.ORG
 TITLE> *               PARAMETER SET DISCUSSION FORUM
 TITLE> *
 VCLOSE: Closing unit   90 with status "KEEP"
  
 CHARMM>     
  
 CHARMM>    !R1 topology
 CHARMM>    read rtf card appen name cyr1.rtf
 VOPEN> Attempting to open::CYR1.RTF::
 MAINIO> Residue topology file being read from unit  90.
 TITLE> * TOPOLOGY FOR CYSTEIN-ATTACHED NITROXIDE SPIN LABEL R1
 TITLE> *
 VCLOSE: Closing unit   90 with status "KEEP"
  
 CHARMM>     
  
 CHARMM>    !read parameters
 CHARMM>    read param card name ~/progs/charmm/c35a1/toppar/par_all27_prot_lipid.prm
 VOPEN> Attempting to open::/Users/roux/PROGS/CHARMM/C35A1/TOPPAR/PAR_ALL27_PROT_LIPID.PRM::

          PARAMETER FILE BEING READ FROM UNIT 90
 TITLE> *>CHARMM22 ALL-HYDROGEN PARAMETER FILE FOR PROTEINS AND LIPIDS <<
 TITLE> *>>>>> INCLUDES PHI, PSI CROSS TERM MAP (CMAP) CORRECTION <<<<<<<
 TITLE> *>>>>>>>>>>>>>>>>>>>>>>   JULY, 2003   <<<<<<<<<<<<<<<<<<<<<<<<<<
 TITLE> * ALL COMMENTS TO ADM JR. VIA THE CHARMM WEB SITE: WWW.CHARMM.ORG
 TITLE> *               PARAMETER SET DISCUSSION FORUM
 TITLE> *
*****  WARNING  ***** PARRDR no nonbond parameters for atom type: 200  ON  
 NO nonbond interactions will be computed for this atom type.
*****  WARNING  ***** PARRDR no nonbond parameters for atom type: 201  NN  
 NO nonbond interactions will be computed for this atom type.
 PARMIO> NONBOND, HBOND lists and IMAGE atoms cleared.
 VCLOSE: Closing unit   90 with status "KEEP"
  
 CHARMM>     
  
 CHARMM>    !R1 parameters
 CHARMM>    read param card append name cyr1.par
 VOPEN> Attempting to open::CYR1.PAR::

          PARAMETER FILE BEING READ FROM UNIT 90
 TITLE> * CYSTEIN-ATTACH NITROXYDE SPIN LABEL R1
 TITLE> *
 PARRDR> WARNING: ATOM FOR NBOND ONR  DOESNT EXIST
 PARMIO> NONBOND, HBOND lists and IMAGE atoms cleared.
 VCLOSE: Closing unit   90 with status "KEEP"
  
 CHARMM>     
  
 CHARMM>    read sequence card unit 5
 MAINIO> Sequence information being read from unit   5.
 RDTITL> * 3 RESIDUES
 RDTITL> *
  
 SEQRDR>       3
  
 SEQRDR>    ala cyr1   ala

          RESIDUE SEQUENCE --     3 RESIDUES
          ALA CYR1ALA 
  
 CHARMM>    generate pep setup
 THE PATCH 'NTER' WILL BE USED FOR THE FIRST RESIDUE
 THE PATCH 'CTER' WILL BE USED FOR THE LAST  RESIDUE
 GENPSF> Segment   1 has been generated. Its identifier is PEP.
 PSFSUM> PSF modified: NONBOND lists and IMAGE atoms cleared.
 PSFSUM> Summary of the structure file counters :
         Number of segments      =        1   Number of residues   =        3
         Number of atoms         =       60   Number of groups     =       15
         Number of bonds         =       60   Number of angles     =      110
         Number of dihedrals     =      151   Number of impropers  =        7
         Number of cross-terms   =        2
         Number of HB acceptors  =        5   Number of HB donors  =        5
         Number of NB exclusions =        0   Total charge =    0.00000
  
 CHARMM>     
  
 CHARMM>    ic param
  
 CHARMM>    ic seed 1 N 1 CA 1 C
  
 CHARMM>    ic build
 ****  WARNING  ****   15 COORDINATES ARE STILL UNDEFINED
  
 CHARMM>    hbuild
 PRNHBD: CUToff Hydrogen Bond  distance =    0.5000   Angle =   90.0000
         CuT switching ON HB dist. =     3.5000  OFf HB dist. =    4.0000
         CuT switching ON Hb Angle =    50.0000  OFf Hb Angle =   70.0000
         ACCEptor antecedents included
         All hydrogen bonds for each hydrogen will be found
         Hydrogen bonds between excluded atoms will be kept


 NONBOND OPTION FLAGS: 
     ELEC     VDW      ATOMs    CDIElec  SHIFt    VATOm    VSWItch 
     BYGRoup  NOEXtnd  NOEWald 
 CUTNB  = 14.000 CTEXNB =999.000 CTONNB = 10.000 CTOFNB = 12.000
 WMIN   =  1.500 WRNMXD =  0.500 E14FAC =  1.000 EPS    =  1.000
 NBXMOD =      5
 There are        0 atom  pairs and        0 atom  exclusions.
 There are        0 group pairs and        0 group exclusions.
 <MAKINB> with mode   5 found    170 exclusions and    146 interactions(1-4)
 <MAKGRP> found     34 group exclusions.

 CUToff Hydrogen Bond  distance =    0.5000           Angle =   90.0000
 CuT switching ON HB dist. =     3.5000 OFf HB dist. =    4.0000
 CuT switching ON Hb Angle =    50.0000 OFf Hb Angle =   70.0000
 ACCEptor antecedents included
 dihedral PHI STePs for spin =   10.0000
 cutoff for water acceptor search CUTWat=    7.5000

 Place: H1L ,H1M ,    , constructed for donor PEP  2    CYR1 C1L .
 Place: H2R ,    ,    , constructed for donor PEP  2    CYR1 C2R .

 NBONDX:       135 atom and      0 group interactions within 14.00 A.
 Spin: H2D ,H2E ,H2F , constructed for donor PEP  2    CYR1 C2D .

 NBONDX:       147 atom and      0 group interactions within 14.00 A.
 Spin: H1D ,H1E ,H1F , constructed for donor PEP  2    CYR1 C1D .

 NBONDX:       153 atom and      0 group interactions within 14.00 A.
 Spin: H2A ,H2B ,H2C , constructed for donor PEP  2    CYR1 C2A .

 NBONDX:       165 atom and      0 group interactions within 14.00 A.
 Spin: H1A ,H1B ,H1C , constructed for donor PEP  2    CYR1 C1A .
  
 CHARMM>     
  
 CHARMM>    energy

 NONBOND OPTION FLAGS: 
     ELEC     VDW      ATOMs    CDIElec  SHIFt    VATOm    VSWItch 
     BYGRoup  NOEXtnd  NOEWald 
 CUTNB  = 14.000 CTEXNB =999.000 CTONNB = 10.000 CTOFNB = 12.000
 WMIN   =  1.500 WRNMXD =  0.500 E14FAC =  1.000 EPS    =  1.000
 NBXMOD =      5
 There are        0 atom  pairs and        0 atom  exclusions.
 There are        0 group pairs and        0 group exclusions.
 <MAKINB> with mode   5 found    170 exclusions and    146 interactions(1-4)
 <MAKGRP> found     34 group exclusions.
 Generating nonbond list with Exclusion mode = 5
 == PRIMARY == SPACE FOR     1741 ATOM PAIRS AND        0 GROUP PAIRS

 General atom nonbond list generation found:
     1584 ATOM PAIRS WERE FOUND FOR ATOM LIST
        7 GROUP PAIRS REQUIRED ATOM SEARCHES

ENER ENR:  Eval#     ENERgy      Delta-E         GRMS
ENER INTERN:          BONDs       ANGLes       UREY-b    DIHEdrals    IMPRopers
ENER CROSS:           CMAPs     
ENER EXTERN:        VDWaals         ELEC       HBONds          ASP         USER
 ----------       ---------    ---------    ---------    ---------    ---------
ENER>        0    108.07224      0.00000     13.91573
ENER INTERN>       17.45759     21.35859      0.15739     26.51064      0.00050
ENER CROSS>        -0.02682
ENER EXTERN>        5.66992     36.94443      0.00000      0.00000      0.00000
 ----------       ---------    ---------    ---------    ---------    ---------
  
 CHARMM>     
  
 CHARMM>    write coor card name cyr1.crd
 VOPEN> Attempting to open::cyr1.crd::
 RDTITL> * ALA CYR1 ALA
 RDTITL> * ENER=108.072 ELEC=36.9444  VDW=5.66992
 RDTITL> * BOND=17.4576  ANGL=21.3586  DIHE=26.5106  IMPR=5.005233E-04
 RDTITL> *
 VCLOSE: Closing unit   90 with status "KEEP"
 VCLOSE: Closing unit   90 with status "KEEP"
  
 CHARMM>     
  
 CHARMM>    stop
$$$$$$  New timer profile $$$$$
   List time                       0.00 Other:            0.00
         Electrostatic & VDW             0.00 Other:            0.00
      Nonbond force                   0.00 Other:            0.00
         Bond energy                     0.00 Other:            0.00
         Angle energy                    0.00 Other:            0.00
         Dihedral energy                 0.00 Other:            0.00
         Restraints energy               0.00 Other:            0.00
      INTRNL energy                   0.00 Other:            0.00
   Energy time                     0.00 Other:            0.00
 Total time                      0.52 Other:            0.52

                    NORMAL TERMINATION BY NORMAL STOP
                    MAXIMUM STACK SPACE USED IS   47526
                    STACK CURRENTLY IN USE IS         0
                    NO WARNINGS WERE ISSUED
                    HEAP PRINTOUT-  HEAP SIZE   1024000
                    SPACE CURRENTLY IN USE IS     31104
                    MAXIMUM SPACE USED IS         39548
                    FREE LIST
            PRINHP> ADDRESS:         1 LENGTH:    992356 NEXT:   1023461
            PRINHP> ADDRESS:   1023461 LENGTH:       540 NEXT:         0

                    $$$$$ JOB ACCOUNTING INFORMATION $$$$$
                     ELAPSED TIME:     0.52  SECONDS 
                         CPU TIME:     0.00  SECONDS 
